[29Aug2024 00:46:34.664] [Server thread/INFO] [net.minecraft.server.MinecraftServer/]: [Naciohh: Set own game mode to Spectator Mode]
[29Aug2024 02:37:21.683] [Server thread/INFO] [net.minecraft.server.MinecraftServer/]: [Naciohh: Set own game mode to Spectator Mode]
[29Aug2024 02:37:48.226] [Server thread/INFO] [net.minecraft.server.MinecraftServer/]: [Naciohh: Set own game mode to Creative Mode]
[29Aug2024 03:31:00.646] [Server thread/INFO] [net.minecraft.server.MinecraftServer/]: [Naciohh: The difficulty has been set to Peaceful]
[29Aug2024 03:49:27.900] [Server thread/INFO] [net.minecraft.server.MinecraftServer/]: Naciohh fell from a high place
[29Aug2024 03:49:28.003] [Server thread/INFO] [tombstone/]: The player Naciohh has successfully been saved
[29Aug2024 03:49:32.924] [Server thread/INFO] [net.minecraft.server.MinecraftServer/]: [Naciohh: Teleported Naciohh to -1010.500000, 64.500000, -4169.500000]
[29Aug2024 03:50:00.996] [Server thread/INFO] [net.minecraft.server.MinecraftServer/]: Naciohh tried to swim in lava
[29Aug2024 03:50:01.003] [Server thread/INFO] [tombstone/]: The player Naciohh has successfully been saved
[29Aug2024 03:50:04.547] [Server thread/INFO] [net.minecraft.server.MinecraftServer/]: [Naciohh: Teleported Naciohh to -985.500000, 63.500000, -4162.500000]
[29Aug2024 03:50:16.151] [Server thread/INFO] [net.minecraft.server.MinecraftServer/]: Naciohh tried to swim in lava
[29Aug2024 03:50:16.158] [Server thread/INFO] [tombstone/]: The player Naciohh has successfully been saved
[29Aug2024 03:50:21.078] [Server thread/INFO] [net.minecraft.server.MinecraftServer/]: [Naciohh: Teleported Naciohh to -984.500000, 63.500000, -4162.500000]
[29Aug2024 03:50:32.396] [Server thread/INFO] [net.minecraft.server.MinecraftServer/]: Naciohh tried to swim in lava
[29Aug2024 03:50:32.402] [Server thread/INFO] [tombstone/]: The player Naciohh has successfully been saved
[29Aug2024 03:50:37.184] [Server thread/INFO] [net.minecraft.server.MinecraftServer/]: [Naciohh: Teleported Naciohh to -982.500000, 63.500000, -4163.500000]
[29Aug2024 03:50:48.446] [Server thread/INFO] [net.minecraft.server.MinecraftServer/]: Naciohh tried to swim in lava
[29Aug2024 03:50:48.450] [Server thread/INFO] [tombstone/]: The player Naciohh has successfully been saved
[29Aug2024 03:50:53.944] [Server thread/INFO] [net.minecraft.server.MinecraftServer/]: [Naciohh: Teleported Naciohh to -980.500000, 63.500000, -4162.500000]
[29Aug2024 03:51:09.696] [Server thread/INFO] [net.minecraft.server.MinecraftServer/]: Naciohh tried to swim in lava
[29Aug2024 03:51:09.700] [Server thread/INFO] [tombstone/]: The player Naciohh has successfully been saved
[29Aug2024 03:51:14.373] [Server thread/INFO] [net.minecraft.server.MinecraftServer/]: [Naciohh: Teleported Naciohh to -983.500000, 63.500000, -4161.500000]
[29Aug2024 03:51:25.698] [Server thread/INFO] [net.minecraft.server.MinecraftServer/]: Naciohh tried to swim in lava
[29Aug2024 03:51:25.704] [Server thread/INFO] [tombstone/]: The player Naciohh has successfully been saved
[29Aug2024 03:51:29.497] [Server thread/INFO] [net.minecraft.server.MinecraftServer/]: [Naciohh: Teleported Naciohh to -979.500000, 64.500000, -4160.500000]
[29Aug2024 03:52:14.696] [Server thread/INFO] [net.minecraft.server.MinecraftServer/]: Naciohh tried to swim in lava
[29Aug2024 03:52:14.701] [Server thread/INFO] [tombstone/]: The player Naciohh has successfully been saved
[29Aug2024 03:52:18.840] [Server thread/INFO] [net.minecraft.server.MinecraftServer/]: [Naciohh: Teleported Naciohh to -979.500000, 64.500000, -4159.500000]
[29Aug2024 03:52:28.446] [Server thread/INFO] [net.minecraft.server.MinecraftServer/]: Naciohh tried to swim in lava
[29Aug2024 03:52:28.451] [Server thread/INFO] [tombstone/]: The player Naciohh has successfully been saved
[29Aug2024 03:52:32.591] [Server thread/INFO] [net.minecraft.server.MinecraftServer/]: [Naciohh: Teleported Naciohh to -981.500000, 65.500000, -4156.500000]
[29Aug2024 03:53:27.209] [Server thread/INFO] [net.minecraft.server.MinecraftServer/]: [Naciohh: Set 10 experience points on Naciohh]
[29Aug2024 03:53:33.146] [Server thread/INFO] [net.minecraft.server.MinecraftServer/]: Naciohh tried to swim in lava
[29Aug2024 03:53:33.151] [Server thread/INFO] [tombstone/]: The player Naciohh has successfully been saved
[29Aug2024 03:53:38.520] [Server thread/INFO] [net.minecraft.server.MinecraftServer/]: [Naciohh: Teleported Naciohh to -981.500000, 65.500000, -4157.500000]
[29Aug2024 03:53:49.245] [Server thread/INFO] [net.minecraft.server.MinecraftServer/]: Naciohh tried to swim in lava
[29Aug2024 03:53:49.252] [Server thread/INFO] [tombstone/]: The player Naciohh has successfully been saved
[29Aug2024 03:53:52.636] [Server thread/INFO] [net.minecraft.server.MinecraftServer/]: [Naciohh: Teleported Naciohh to -982.500000, 65.500000, -4157.500000]
[29Aug2024 03:54:10.599] [Server thread/INFO] [net.minecraft.server.MinecraftServer/]: [Naciohh: Set own game mode to Spectator Mode]
[29Aug2024 03:54:31.325] [Server thread/INFO] [net.minecraft.server.MinecraftServer/]: [Naciohh: Set own game mode to Creative Mode]
[29Aug2024 03:54:39.806] [Server thread/INFO] [net.minecraft.server.MinecraftServer/]: [Naciohh: Teleported Naciohh to -982.500000, 65.000000, -4157.500000]
[29Aug2024 03:55:14.446] [Server thread/INFO] [net.minecraft.server.MinecraftServer/]: Naciohh tried to swim in lava
[29Aug2024 03:55:14.451] [Server thread/INFO] [tombstone/]: The player Naciohh has successfully been saved
[29Aug2024 03:55:19.956] [Server thread/INFO] [net.minecraft.server.MinecraftServer/]: [Naciohh: Teleported Naciohh to -985.500000, 73.500000, -4157.500000]
[29Aug2024 03:55:29.549] [Server thread/INFO] [net.minecraft.server.MinecraftServer/]: Naciohh tried to swim in lava
[29Aug2024 03:55:29.555] [Server thread/INFO] [tombstone/]: The player Naciohh has successfully been saved
[29Aug2024 03:55:32.990] [Server thread/INFO] [net.minecraft.server.MinecraftServer/]: [Naciohh: Teleported Naciohh to -985.500000, 73.500000, -4157.500000]
[29Aug2024 03:55:56.296] [Server thread/INFO] [net.minecraft.server.MinecraftServer/]: Naciohh tried to swim in lava
[29Aug2024 03:55:56.301] [Server thread/INFO] [tombstone/]: The player Naciohh has successfully been saved
[29Aug2024 03:56:01.359] [Server thread/INFO] [net.minecraft.server.MinecraftServer/]: [Naciohh: Teleported Naciohh to -981.500000, 65.500000, -4156.500000]
[29Aug2024 03:56:11.795] [Server thread/INFO] [net.minecraft.server.MinecraftServer/]: Naciohh tried to swim in lava
[29Aug2024 03:56:11.798] [Server thread/INFO] [tombstone/]: The player Naciohh has successfully been saved
[29Aug2024 03:56:16.224] [Server thread/INFO] [net.minecraft.server.MinecraftServer/]: [Naciohh: Teleported Naciohh to -980.500000, 65.500000, -4159.500000]
[29Aug2024 03:56:33.396] [Server thread/INFO] [net.minecraft.server.MinecraftServer/]: Naciohh tried to swim in lava
[29Aug2024 03:56:33.400] [Server thread/INFO] [tombstone/]: The player Naciohh has successfully been saved
[29Aug2024 03:56:37.071] [Server thread/INFO] [net.minecraft.server.MinecraftServer/]: [Naciohh: Teleported Naciohh to -982.500000, 63.500000, -4162.500000]
[29Aug2024 03:56:44.148] [Server thread/INFO] [net.minecraft.server.MinecraftServer/]: Naciohh tried to swim in lava
[29Aug2024 03:56:44.152] [Server thread/INFO] [tombstone/]: The player Naciohh has successfully been saved
[29Aug2024 03:56:47.451] [Server thread/INFO] [net.minecraft.server.MinecraftServer/]: [Naciohh: Teleported Naciohh to -983.500000, 63.500000, -4162.500000]
[29Aug2024 03:57:02.599] [Server thread/INFO] [net.minecraft.server.MinecraftServer/]: [Naciohh: Teleported Naciohh to -1020.500000, 64.500000, -4169.500000]
[29Aug2024 03:57:10.636] [Server thread/INFO] [net.minecraft.server.MinecraftServer/]: [Naciohh: Teleported Naciohh to 130.500000, -46.500000, 474.500000]
[29Aug2024 03:57:32.079] [Server thread/INFO] [net.minecraft.server.MinecraftServer/]: [Naciohh: Teleported Naciohh to -258.500000, 83.500000, -296.500000]
[29Aug2024 03:58:33.244] [Server thread/INFO] [net.minecraft.server.network.ServerGamePacketListenerImpl/]: Naciohh lost connection: Disconnected
[29Aug2024 03:58:33.245] [Server thread/INFO] [net.minecraft.server.MinecraftServer/]: Naciohh left the game
[29Aug2024 03:58:33.245] [Server thread/INFO] [xaero.pac.OpenPartiesAndClaims/]: Updating all forceload tickets for c231ca8d-2e00-403e-9ef2-28038a6947e1
[29Aug2024 03:58:33.334] [Server thread/WARN] [net.minecraft.network.Connection/]: handleDisconnection() called twice
[29Aug2024 03:59:10.290] [Server thread/INFO] [net.minecraft.server.MinecraftServer/]: Stopping the server
[29Aug2024 03:59:10.352] [Server thread/INFO] [net.minecraft.server.MinecraftServer/]: Stopping server
[29Aug2024 03:59:10.354] [Server thread/INFO] [net.minecraft.server.MinecraftServer/]: Saving players
[29Aug2024 03:59:10.354] [Server thread/INFO] [net.minecraft.server.MinecraftServer/]: Saving worlds
[29Aug2024 03:59:10.524] [Server thread/INFO] [net.minecraft.server.MinecraftServer/]: Saving chunks for level 'ServerLevel[world]'/minecraft:overworld
[29Aug2024 03:59:13.577] [Server thread/INFO] [net.minecraft.server.MinecraftServer/]: Saving chunks for level 'ServerLevel[world]'/blue_skies:everdawn
[29Aug2024 03:59:13.577] [Server thread/INFO] [net.minecraft.server.MinecraftServer/]: Saving chunks for level 'ServerLevel[world]'/aether:the_aether
[29Aug2024 03:59:13.578] [Server thread/INFO] [net.minecraft.server.MinecraftServer/]: Saving chunks for level 'ServerLevel[world]'/twilightforest:twilight_forest
[29Aug2024 03:59:13.579] [Server thread/INFO] [net.minecraft.server.MinecraftServer/]: Saving chunks for level 'ServerLevel[world]'/blue_skies:everbright
[29Aug2024 03:59:13.579] [Server thread/INFO] [net.minecraft.server.MinecraftServer/]: Saving chunks for level 'ServerLevel[world]'/minecraft:the_end
[29Aug2024 03:59:13.580] [Server thread/INFO] [net.minecraft.server.MinecraftServer/]: Saving chunks for level 'ServerLevel[world]'/minecraft:the_nether
[29Aug2024 03:59:13.592] [Server thread/INFO] [net.minecraft.server.MinecraftServer/]: Saving chunks for level 'ServerLevel[world]'/deeperdarker:otherside
[29Aug2024 03:59:13.756] [Server thread/INFO] [net.minecraft.server.MinecraftServer/]: ThreadedAnvilChunkStorage (world): All chunks are saved
[29Aug2024 03:59:13.756] [Server thread/INFO] [net.minecraft.server.MinecraftServer/]: ThreadedAnvilChunkStorage (everdawn): All chunks are saved
[29Aug2024 03:59:13.756] [Server thread/INFO] [net.minecraft.server.MinecraftServer/]: ThreadedAnvilChunkStorage (the_aether): All chunks are saved
[29Aug2024 03:59:13.756] [Server thread/INFO] [net.minecraft.server.MinecraftServer/]: ThreadedAnvilChunkStorage (twilight_forest): All chunks are saved
[29Aug2024 03:59:13.756] [Server thread/INFO] [net.minecraft.server.MinecraftServer/]: ThreadedAnvilChunkStorage (everbright): All chunks are saved
[29Aug2024 03:59:13.756] [Server thread/INFO] [net.minecraft.server.MinecraftServer/]: ThreadedAnvilChunkStorage (DIM1): All chunks are saved
[29Aug2024 03:59:13.756] [Server thread/INFO] [net.minecraft.server.MinecraftServer/]: ThreadedAnvilChunkStorage (DIM-1): All chunks are saved
[29Aug2024 03:59:13.756] [Server thread/INFO] [net.minecraft.server.MinecraftServer/]: ThreadedAnvilChunkStorage (otherside): All chunks are saved
[29Aug2024 03:59:13.756] [Server thread/INFO] [net.minecraft.server.MinecraftServer/]: ThreadedAnvilChunkStorage: All dimensions are saved
[29Aug2024 03:59:14.077] [Server thread/INFO] [xaero.pac.OpenPartiesAndClaims/]: Stopping IO worker...
[29Aug2024 03:59:14.078] [Server thread/INFO] [xaero.pac.OpenPartiesAndClaims/]: Stopped IO worker!
[29Aug2024 03:59:14.083] [Server thread/INFO] [Framework/]: Unloading server configs...
[29Aug2024 03:59:14.084] [Server thread/INFO] [Framework/]: Sending config unload event for backpacked.server.toml
[29Aug2024 03:59:14.084] [Server thread/INFO] [Framework/]: Sending config unload event for goblintraders-entities.toml
